#
# There is insufficient memory for the Java Runtime Environment to continue.
# Native memory allocation (malloc) failed to allocate 1048576 bytes for AllocateHeap
# Possible reasons:
#   The system is out of physical RAM or swap space
#   In 32 bit mode, the process size limit was hit
# Possible solutions:
#   Reduce memory load on the system
#   Increase physical memory or swap space
#   Check if swap backing store is full
#   Use 64 bit Java on a 64 bit OS
#   Decrease Java heap size (-Xmx/-Xms)
#   Decrease number of Java threads
#   Decrease Java thread stack sizes (-Xss)
#   Set larger code cache with -XX:ReservedCodeCacheSize=
# This output file may be truncated or incomplete.
#
#  Out of Memory Error (memory/allocation.inline.hpp:61), pid=7020, tid=0x000000000000550c
#
# JRE version:  (8.0) (build )
# Java VM: OpenJDK 64-Bit Server VM (25.71-b00 mixed mode windows-amd64 compressed oops)
# Failed to write core dump. Minidumps are not enabled by default on client versions of Windows
#

---------------  T H R E A D  ---------------

Current thread (0x0000000002e52800):  JavaThread "Unknown thread" [_thread_in_vm, id=21772, stack(0x0000000002d50000,0x0000000002e50000)]

Stack: [0x0000000002d50000,0x0000000002e50000]
[error occurred during error reporting (printing stack bounds), id 0xc0000005]

Native frames: (J=compiled Java code, j=interpreted, Vv=VM code, C=native code)


---------------  P R O C E S S  ---------------

Java Threads: ( => current thread )

Other Threads:

=>0x0000000002e52800 (exited) JavaThread "Unknown thread" [_thread_in_vm, id=21772, stack(0x0000000002d50000,0x0000000002e50000)]

VM state:not at safepoint (normal execution)

VM Mutex/Monitor currently owned by a thread: None

Heap:
 PSYoungGen      total 75264K, used 1290K [0x000000076c100000, 0x0000000771500000, 0x00000007c0000000)
  eden space 64512K, 2% used [0x000000076c100000,0x000000076c242900,0x0000000770000000)
  from space 10752K, 0% used [0x0000000770a80000,0x0000000770a80000,0x0000000771500000)
  to   space 10752K, 0% used [0x0000000770000000,0x0000000770000000,0x0000000770a80000)
 ParOldGen       total 172032K, used 0K [0x00000006c4200000, 0x00000006cea00000, 0x000000076c100000)
  object space 172032K, 0% used [0x00000006c4200000,0x00000006c4200000,0x00000006cea00000)
 Metaspace       used 777K, capacity 4480K, committed 4480K, reserved 1056768K
  class space    used 74K, capacity 384K, committed 384K, reserved 1048576K

Card table byte_map: [0x0000000012310000,0x0000000012af0000] byte_map_base: 0x000000000ecef000

Marking Bits: (ParMarkBitMap*) 0x000000006f10be50
 Begin Bits: [0x0000000013d30000, 0x0000000017c28000)
 End Bits:   [0x0000000017c28000, 0x000000001bb20000)

Polling page: 0x0000000002ca0000

CodeCache: size=245760Kb used=328Kb max_used=328Kb free=245431Kb
 bounds [0x0000000002f50000, 0x00000000031c0000, 0x0000000011f50000]
 total_blobs=57 nmethods=0 adapters=38
 compilation: enabled

Compilation events (0 events):
No events

GC Heap History (0 events):
No events

Deoptimization events (0 events):
No events

Classes redefined (0 events):
No events

Internal exceptions (0 events):
No events

Events (10 events):
Event: 0.091 loading class java/lang/Short
Event: 0.091 loading class java/lang/Short done
Event: 0.091 loading class java/lang/Integer
Event: 0.091 loading class java/lang/Integer done
Event: 0.091 loading class java/lang/Long
Event: 0.091 loading class java/lang/Long done
Event: 0.092 loading class java/lang/NullPointerException
Event: 0.092 loading class java/lang/NullPointerException done
Event: 0.092 loading class java/lang/ArithmeticException
Event: 0.092 loading class java/lang/ArithmeticException done


Dynamic libraries:
0x00007ff62cfa0000 - 0x00007ff62cfd5000 	D:\GameDevelopment\Unity\2019.4.29f1c2\Editor\Data\PlaybackEngines\AndroidPlayer\OpenJDK\bin\java.exe
0x00007ffbf46f0000 - 0x00007ffbf4904000 	C:\Windows\SYSTEM32\ntdll.dll
0x00007ffbf3370000 - 0x00007ffbf3432000 	C:\Windows\System32\KERNEL32.DLL
0x00007ffbf1dd0000 - 0x00007ffbf2173000 	C:\Windows\System32\KERNELBASE.dll
0x00007ffbf2f10000 - 0x00007ffbf2fbe000 	C:\Windows\System32\ADVAPI32.dll
0x00007ffbf3440000 - 0x00007ffbf34e7000 	C:\Windows\System32\msvcrt.dll
0x00007ffbf2e60000 - 0x00007ffbf2f04000 	C:\Windows\System32\sechost.dll
0x00007ffbf3210000 - 0x00007ffbf3327000 	C:\Windows\System32\RPCRT4.dll
0x00007ffbf3730000 - 0x00007ffbf38db000 	C:\Windows\System32\USER32.dll
0x00007ffbf1b90000 - 0x00007ffbf1bb6000 	C:\Windows\System32\win32u.dll
0x00007ffbf2c90000 - 0x00007ffbf2cb9000 	C:\Windows\System32\GDI32.dll
0x00007ffbf1bc0000 - 0x00007ffbf1cd9000 	C:\Windows\System32\gdi32full.dll
0x00007ffbf1af0000 - 0x00007ffbf1b8a000 	C:\Windows\System32\msvcp_win.dll
0x00007ffbf22f0000 - 0x00007ffbf2401000 	C:\Windows\System32\ucrtbase.dll
0x00007ffbd3670000 - 0x00007ffbd38fe000 	C:\Windows\WinSxS\amd64_microsoft.windows.common-controls_6595b64144ccf1df_6.0.22621.1635_none_270f70857386168e\COMCTL32.dll
0x00007ffbf3330000 - 0x00007ffbf3361000 	C:\Windows\System32\IMM32.DLL
0x000000006f1f0000 - 0x000000006f2c2000 	D:\GameDevelopment\Unity\2019.4.29f1c2\Editor\Data\PlaybackEngines\AndroidPlayer\OpenJDK\jre\bin\msvcr100.dll
0x000000006e940000 - 0x000000006f189000 	D:\GameDevelopment\Unity\2019.4.29f1c2\Editor\Data\PlaybackEngines\AndroidPlayer\OpenJDK\jre\bin\server\jvm.dll
0x00007ffbf2c80000 - 0x00007ffbf2c88000 	C:\Windows\System32\PSAPI.DLL
0x00007ffb71d60000 - 0x00007ffb71d69000 	C:\Windows\SYSTEM32\WSOCK32.dll
0x00007ffbea830000 - 0x00007ffbea864000 	C:\Windows\SYSTEM32\WINMM.dll
0x00007ffbea7f0000 - 0x00007ffbea7fa000 	C:\Windows\SYSTEM32\VERSION.dll
0x00007ffbf2c00000 - 0x00007ffbf2c71000 	C:\Windows\System32\WS2_32.dll
0x00007ffae9160000 - 0x00007ffae916f000 	D:\GameDevelopment\Unity\2019.4.29f1c2\Editor\Data\PlaybackEngines\AndroidPlayer\OpenJDK\jre\bin\verify.dll
0x00007ffae9130000 - 0x00007ffae9159000 	D:\GameDevelopment\Unity\2019.4.29f1c2\Editor\Data\PlaybackEngines\AndroidPlayer\OpenJDK\jre\bin\java.dll
0x00007ffae9110000 - 0x00007ffae9126000 	D:\GameDevelopment\Unity\2019.4.29f1c2\Editor\Data\PlaybackEngines\AndroidPlayer\OpenJDK\jre\bin\zip.dll

VM Arguments:
jvm_args: -Dfile.encoding=UTF-8 
java_command: <unknown>
java_class_path (initial): D:\DevelopmentTools\Lingo\Lingo18.jar
Launcher Type: SUN_STANDARD

Environment Variables:
JAVA_TOOL_OPTIONS=-Dfile.encoding=UTF-8
CLASSPATH=D:\DevelopmentTools\Lingo\Lingo18.jar
PATH=C:\Program Files\Common Files\Oracle\Java\javapath;D:\GameDevelopment\Unity\PSCM\server;D:\GameDevelopment\Unity\PSCM\client;C:\Windows\system32;C:\Windows;C:\Windows\System32\Wbem;C:\Windows\System32\WindowsPowerShell\v1.0\;C:\Windows\System32\OpenSSH\;C:\Program Files (x86)\NVIDIA Corporation\PhysX\Common;C:\Program Files\NVIDIA Corporation\NVIDIA NvDLISR;D:\DevelopmentTools\GIT\Git\cmd;D:\DevelopmentTools\TortoiseGit\bin;C:\Program Files (x86)\Microsoft SQL Server\160\DTS\Binn\;C:\Program Files\Azure Data Studio\bin;C:\Program Files (x86)\Microsoft SQL Server\160\Tools\Binn\;C:\Program Files\Microsoft SQL Server\160\Tools\Binn\;C:\Program Files\Microsoft SQL Server\Client SDK\ODBC\170\Tools\Binn\;C:\Program Files\Microsoft SQL Server\160\DTS\Binn\;C:\Program Files\dotnet\;D:\DevelopmentTools\Nodejs\;D:\DevelopmentTools\Lingo\;C:\Users\GuanLiu\AppData\Local\Microsoft\WindowsApps;;C:\Program Files\Azure Data Studio\bin;C:\Users\GuanLiu\.dotnet\tools;C:\Users\GuanLiu\AppData\Roaming\npm
USERNAME=GuanLiu
OS=Windows_NT
PROCESSOR_IDENTIFIER=Intel64 Family 6 Model 154 Stepping 3, GenuineIntel



---------------  S Y S T E M  ---------------

OS: Windows 10.0 , 64 bit Build 22621 (10.0.22621.1778)

CPU:total 16 (initial active 16) (8 cores per cpu, 2 threads per core) family 6 model 154 stepping 3, cmov, cx8, fxsr, mmx, sse, sse2, sse3, ssse3, sse4.1, sse4.2, popcnt, avx, avx2, aes, clmul, erms, 3dnowpref, lzcnt, ht, tsc, tscinvbit, bmi1, bmi2, adx

Memory: 4k page, physical 16502664k(446932k free), swap 29610756k(5528k free)

vm_info: OpenJDK 64-Bit Server VM (25.71-b00) for windows-amd64 JRE (1.8.0-adoptopenjdk-_2018_05_19_00_59-b00), built on May 19 2018 01:02:12 by "jenkins" with MS VC++ 10.0 (VS2010)

time: Tue Jun 27 20:24:29 2023
elapsed time: 0 seconds (0d 0h 0m 0s)

